<?xml version="1.0" encoding="UTF-8"?>
<testsuite xmlns:xsi="http://www.w3.org/2001/XMLSchema-instance" xsi:noNamespaceSchemaLocation="https://maven.apache.org/surefire/maven-surefire-plugin/xsd/surefire-test-report-3.0.xsd" version="3.0" name="ArticleTest" time="0.008" tests="7" errors="0" skipped="0" failures="0">
  <properties>
[...]
</properties>
  <testcase name="increaseStock_shouldThrowExceptionWhenAmountIsZeroOrNegative" classname="ArticleTest" time="0.001"/>
  <testcase name="getArticleType_shouldReturnArtikel" classname="ArticleTest" time="0.001"/>
  <testcase name="increaseStock_shouldIncreaseStockByAmount" classname="ArticleTest" time="0.001"/>
  <testcase name="hasLowStock_shouldReturnTrueWhenStockIsLessThanOrEqualToMinimumStock" classname="ArticleTest" time="0.001"/>
  <testcase name="decreaseStock_shouldReduceStockWhenAmountIsValid" classname="ArticleTest" time="0.0"/>
  <testcase name="hasLowStock_shouldReturnFalseWhenStockIsAboveMinimumStock" classname="ArticleTest" time="0.0"/>
  <testcase name="decreaseStock_shouldThrowExceptionWhenAmountIsTooHigh" classname="ArticleTest" time="0.0"/>
</testsuite>